2018.10.02 19:21:22
Имя: Глеб
Телефон: 1231
Адрес страницы: http://lp.local/#lp-fb1

2018.10.02 19:22:12
Имя: Глеб
Телефон: 123123124124124124124124
Адрес страницы: http://lp.local/

2018.10.02 19:27:56
Имя: 123123
Телефон: 13231
Дополнительная информация: Услуга 3
Адрес страницы: http://lp.local/

2018.10.02 21:17:27
Телефон: +375 25 777 77 77
Адрес страницы: http://lp.local/

2018.10.02 21:17:40
Телефон: 123123123
Адрес страницы: http://lp.local/

2018.10.02 21:18:50
Телефон: 123123123
Адрес страницы: http://lp.local/

2018.10.16 16:26:36
Имя: значение не указано
Телефон: 123123123
Дополнительная информация: Услуга 3
Адрес страницы: http://lp.local/

